TN:
SF:src/Infra/Redis/RedisDomainEventPublisher.ts
FN:8,(anonymous_7)
FN:14,(anonymous_8)
FNF:2
FNH:2
FNDA:1,(anonymous_7)
FNDA:1,(anonymous_8)
DA:2,1
DA:7,1
DA:9,1
DA:10,1
DA:15,1
DA:17,1
LF:6
LH:6
BRF:0
BRH:0
end_of_record
TN:
SF:src/Infra/Redis/RedisDomainEventSubscriber.ts
FN:6,(anonymous_0)
FN:12,(anonymous_1)
FNF:2
FNH:2
FNDA:2,(anonymous_0)
FNDA:1,(anonymous_1)
DA:5,2
DA:7,2
DA:8,2
DA:13,1
LF:4
LH:4
BRF:0
BRH:0
end_of_record
TN:
SF:src/Infra/Redis/RedisDomainEventSubscriberFactory.ts
FN:10,(anonymous_7)
FN:17,(anonymous_8)
FNF:2
FNH:2
FNDA:1,(anonymous_7)
FNDA:1,(anonymous_8)
DA:7,1
DA:9,1
DA:11,1
DA:12,1
DA:13,1
DA:18,1
DA:23,1
DA:29,1
LF:8
LH:8
BRF:0
BRH:0
end_of_record
TN:
SF:src/Infra/Redis/RedisEventMessageHandler.ts
FN:9,(anonymous_7)
FN:15,(anonymous_8)
FN:34,(anonymous_10)
FNF:3
FNH:3
FNDA:3,(anonymous_7)
FNDA:3,(anonymous_8)
FNDA:1,(anonymous_10)
DA:1,1
DA:8,1
DA:10,3
DA:11,3
DA:16,3
DA:17,3
DA:19,2
DA:21,2
DA:22,2
DA:23,1
DA:25,1
DA:28,1
DA:30,1
DA:35,1
LF:14
LH:14
BRDA:22,0,0,1
BRDA:22,0,1,1
BRF:2
BRH:2
end_of_record
TN:
SF:src/Infra/SNS/SNSDomainEventPublisher.ts
FN:8,(anonymous_7)
FN:14,(anonymous_8)
FNF:2
FNH:2
FNDA:1,(anonymous_7)
FNDA:1,(anonymous_8)
DA:2,1
DA:7,1
DA:9,1
DA:10,1
DA:15,1
DA:30,1
LF:6
LH:6
BRF:0
BRH:0
end_of_record
TN:
SF:src/Infra/SQS/SQSDomainEventSubscriberFactory.ts
FN:9,(anonymous_7)
FN:16,(anonymous_8)
FNF:2
FNH:2
FNDA:1,(anonymous_7)
FNDA:1,(anonymous_8)
DA:2,1
DA:8,1
DA:10,1
DA:11,1
DA:12,1
DA:17,1
DA:27,1
DA:28,1
DA:30,1
LF:9
LH:9
BRF:0
BRH:0
end_of_record
TN:
SF:src/Infra/SQS/SQSEventMessageHandler.ts
FN:9,(anonymous_7)
FN:15,(anonymous_8)
FN:34,(anonymous_10)
FNF:3
FNH:3
FNDA:3,(anonymous_7)
FNDA:2,(anonymous_8)
FNDA:1,(anonymous_10)
DA:2,1
DA:8,1
DA:10,3
DA:11,3
DA:16,2
DA:18,2
DA:20,2
DA:22,2
DA:23,2
DA:24,1
DA:26,1
DA:29,1
DA:31,1
DA:35,1
LF:14
LH:14
BRDA:23,0,0,1
BRDA:23,0,1,1
BRF:2
BRH:2
end_of_record
TN:
SF:src/Infra/SQS/SQSNewRelicEventMessageHandler.ts
FN:10,(anonymous_7)
FN:16,(anonymous_8)
FN:42,(anonymous_10)
FNF:3
FNH:3
FNDA:3,(anonymous_7)
FNDA:2,(anonymous_8)
FNDA:1,(anonymous_10)
DA:2,1
DA:3,1
DA:9,1
DA:11,3
DA:12,3
DA:17,2
DA:19,2
DA:21,2
DA:23,2
DA:24,2
DA:25,1
DA:27,1
DA:30,1
DA:32,1
DA:43,1
LF:15
LH:15
BRDA:24,0,0,1
BRDA:24,0,1,1
BRF:2
BRH:2
end_of_record
