{"total": {"lines":{"total":24,"covered":24,"skipped":0,"pct":100},"statements":{"total":24,"covered":24,"skipped":0,"pct":100},"functions":{"total":15,"covered":15,"skipped":0,"pct":100},"branches":{"total":2,"covered":2,"skipped":0,"pct":100}}
,"/Users/mo/Desktop/sn/dev/snjs/packages/time/src/Domain/Time/Time.ts": {"lines":{"total":3,"covered":3,"skipped":0,"pct":100},"functions":{"total":1,"covered":1,"skipped":0,"pct":100},"statements":{"total":3,"covered":3,"skipped":0,"pct":100},"branches":{"total":2,"covered":2,"skipped":0,"pct":100}}
,"/Users/mo/Desktop/sn/dev/snjs/packages/time/src/Domain/Time/Timer.ts": {"lines":{"total":21,"covered":21,"skipped":0,"pct":100},"functions":{"total":14,"covered":14,"skipped":0,"pct":100},"statements":{"total":21,"covered":21,"skipped":0,"pct":100},"branches":{"total":0,"covered":0,"skipped":0,"pct":100}}
}
